<?xml version="1.0" encoding="UTF-8"?>
<!-- Generated by org.testng.reporters.JUnitReportReporter -->
<testsuite hostname="DESKTOP-6QKID3Q" failures="0" tests="1" name="testcases.TC1" time="11.346" errors="0" timestamp="2022-01-06T18:20:20 IST" skipped="0">
  <testcase classname="testcases.TC1" name="validateErrorsGone" time="11.346"/>
  <system-out/>
</testsuite> <!-- testcases.TC1 -->
