<?xml version="1.0" encoding="UTF-8"?>
<!-- Generated by org.testng.reporters.JUnitReportReporter -->
<testsuite hostname="DESKTOP-6QKID3Q" failures="0" tests="1" name="com.jupiter2.cloud.planittesting.testcases.TestCase1" time="3.282" errors="0" timestamp="2022-01-10T00:35:42 IST" skipped="0">
  <testcase classname="com.jupiter2.cloud.planittesting.testcases.TestCase1" name="validateErrors" time="3.282"/>
  <system-out/>
</testsuite> <!-- com.jupiter2.cloud.planittesting.testcases.TestCase1 -->
