<?xml version="1.0" encoding="UTF-8"?>
<!-- Generated by org.testng.reporters.JUnitReportReporter -->
<testsuite skipped="0" hostname="DESKTOP-6QKID3Q" name="com.jupiter2.cloud.planittesting.testcases.TC1_ContactPageErrorTest" tests="1" failures="0" timestamp="2022-01-12T14:11:23 IST" time="6.988" errors="0">
  <testcase name="validateErrors" time="6.988" classname="com.jupiter2.cloud.planittesting.testcases.TC1_ContactPageErrorTest"/>
  <system-out/>
</testsuite> <!-- com.jupiter2.cloud.planittesting.testcases.TC1_ContactPageErrorTest -->
