<?xml version="1.0" encoding="UTF-8"?>
<!-- Generated by org.testng.reporters.JUnitReportReporter -->
<testsuite skipped="0" hostname="DESKTOP-6QKID3Q" name="com.jupiter2.cloud.planittesting.testcases.TC4_CartPageTest" tests="1" failures="0" timestamp="2022-01-12T14:11:23 IST" time="34.988" errors="0">
  <testcase name="verifyPriceAndSubTotal" time="34.988" classname="com.jupiter2.cloud.planittesting.testcases.TC4_CartPageTest"/>
  <system-out/>
</testsuite> <!-- com.jupiter2.cloud.planittesting.testcases.TC4_CartPageTest -->
