<?xml version="1.0" encoding="UTF-8"?>
<!-- Generated by org.testng.reporters.JUnitReportReporter -->
<testsuite hostname="DESKTOP-6QKID3Q" failures="0" tests="1" name="com.jupiter2.cloud.planittesting.testcases.TestCase4" time="26.919" errors="0" timestamp="2022-01-09T23:58:20 IST" skipped="0">
  <testcase classname="com.jupiter2.cloud.planittesting.testcases.TestCase4" name="testcase4" time="26.919"/>
  <system-out/>
</testsuite> <!-- com.jupiter2.cloud.planittesting.testcases.TestCase4 -->
