<?xml version="1.0" encoding="UTF-8"?>
<!-- Generated by org.testng.reporters.JUnitReportReporter -->
<testsuite skipped="0" hostname="DESKTOP-6QKID3Q" name="com.jupiter2.cloud.planittesting.testcases.TC3_CartPageItemsTest" tests="1" failures="0" timestamp="2022-01-12T14:11:23 IST" time="35.303" errors="0">
  <testcase name="verifyCartItems" time="35.303" classname="com.jupiter2.cloud.planittesting.testcases.TC3_CartPageItemsTest"/>
  <system-out/>
</testsuite> <!-- com.jupiter2.cloud.planittesting.testcases.TC3_CartPageItemsTest -->
