<?xml version="1.0" encoding="UTF-8"?>
<!-- Generated by org.testng.reporters.JUnitReportReporter -->
<testsuite skipped="0" hostname="DESKTOP-6QKID3Q" name="com.jupiter2.cloud.planittesting.testcases.TC1_ContactPageErrorTest" tests="1" failures="0" timestamp="2022-01-10T21:07:42 IST" time="5.258" errors="0">
  <testcase name="validateErrors" time="5.258" classname="com.jupiter2.cloud.planittesting.testcases.TC1_ContactPageErrorTest"/>
  <system-out/>
</testsuite> <!-- com.jupiter2.cloud.planittesting.testcases.TC1_ContactPageErrorTest -->
